have_header: checking for ruby.h... -------------------- yes

"gcc -o conftest -Id:/Ruby192/include/ruby-1.9.1/i386-mingw32 -Id:/Ruby192/include/ruby-1.9.1/ruby/backward -Id:/Ruby192/include/ruby-1.9.1 -I.     -O3 -g -Wextra -Wno-unused-parameter -Wno-parentheses -Wpointer-arith -Wwrite-strings -Wno-missing-field-initializers -Wno-long-long conftest.c  -L. -Ld:/Ruby192/lib -L.      -lmsvcrt-ruby191-static  -lshell32 -lws2_32  "
checked program was:
/* begin */
1: #include "ruby.h"
2: 
3: #include <winsock2.h>
4: #include <windows.h>
5: int main() {return 0;}
/* end */

"gcc -E -Id:/Ruby192/include/ruby-1.9.1/i386-mingw32 -Id:/Ruby192/include/ruby-1.9.1/ruby/backward -Id:/Ruby192/include/ruby-1.9.1 -I.     -O3 -g -Wextra -Wno-unused-parameter -Wno-parentheses -Wpointer-arith -Wwrite-strings -Wno-missing-field-initializers -Wno-long-long  conftest.c -o conftest.i"
checked program was:
/* begin */
1: #include "ruby.h"
2: 
3: #include <winsock2.h>
4: #include <windows.h>
5: #include <ruby.h>
/* end */

--------------------

